2025/02/20 23:02:14 [error] [exception.CHttpException.404] CHttpException: The system is unable to find the requested action "categoria". in C:\Apache24\htdocs\yii\framework\web\CController.php:486
Stack trace:
#0 C:\Apache24\htdocs\yii\framework\web\CController.php(270): CController->missingAction('categoria')
#1 C:\Apache24\htdocs\yii\framework\web\CWebApplication.php(282): CController->run('categoria')
#2 C:\Apache24\htdocs\yii\framework\web\CWebApplication.php(141): CWebApplication->runController('site/categoria')
#3 C:\Apache24\htdocs\yii\framework\base\CApplication.php(185): CWebApplication->processRequest()
#4 C:\Apache24\htdocs\yii\leninemoney\index.php(13): CApplication->run()
#5 {main}
REQUEST_URI=/yii/leninemoney/site/categoria
HTTP_REFERER=http://localhost/yii/leninemoney/site/index
---
2025/02/20 23:02:25 [error] [exception.CHttpException.404] CHttpException: The system is unable to find the requested action "pessoa". in C:\Apache24\htdocs\yii\framework\web\CController.php:486
Stack trace:
#0 C:\Apache24\htdocs\yii\framework\web\CController.php(270): CController->missingAction('pessoa')
#1 C:\Apache24\htdocs\yii\framework\web\CWebApplication.php(282): CController->run('pessoa')
#2 C:\Apache24\htdocs\yii\framework\web\CWebApplication.php(141): CWebApplication->runController('site/pessoa')
#3 C:\Apache24\htdocs\yii\framework\base\CApplication.php(185): CWebApplication->processRequest()
#4 C:\Apache24\htdocs\yii\leninemoney\index.php(13): CApplication->run()
#5 {main}
REQUEST_URI=/yii/leninemoney/site/pessoa
HTTP_REFERER=http://localhost/yii/leninemoney/site/index
---
2025/02/20 23:02:35 [error] [exception.CHttpException.404] CHttpException: The system is unable to find the requested action "usuario". in C:\Apache24\htdocs\yii\framework\web\CController.php:486
Stack trace:
#0 C:\Apache24\htdocs\yii\framework\web\CController.php(270): CController->missingAction('usuario')
#1 C:\Apache24\htdocs\yii\framework\web\CWebApplication.php(282): CController->run('usuario')
#2 C:\Apache24\htdocs\yii\framework\web\CWebApplication.php(141): CWebApplication->runController('site/usuario')
#3 C:\Apache24\htdocs\yii\framework\base\CApplication.php(185): CWebApplication->processRequest()
#4 C:\Apache24\htdocs\yii\leninemoney\index.php(13): CApplication->run()
#5 {main}
REQUEST_URI=/yii/leninemoney/site/usuario
HTTP_REFERER=http://localhost/yii/leninemoney/site/index
---
2025/02/20 23:02:40 [error] [exception.CHttpException.404] CHttpException: The system is unable to find the requested action "usuario". in C:\Apache24\htdocs\yii\framework\web\CController.php:486
Stack trace:
#0 C:\Apache24\htdocs\yii\framework\web\CController.php(270): CController->missingAction('usuario')
#1 C:\Apache24\htdocs\yii\framework\web\CWebApplication.php(282): CController->run('usuario')
#2 C:\Apache24\htdocs\yii\framework\web\CWebApplication.php(141): CWebApplication->runController('site/usuario')
#3 C:\Apache24\htdocs\yii\framework\base\CApplication.php(185): CWebApplication->processRequest()
#4 C:\Apache24\htdocs\yii\leninemoney\index.php(13): CApplication->run()
#5 {main}
REQUEST_URI=/yii/leninemoney/site/usuario
---
2025/02/20 23:05:43 [error] [system.db.CDbCommand] CDbCommand::execute() failed: SQLSTATE[22007]: Invalid datetime format: 1292 Incorrect date value: '' for column 'data_pagamento' at row 1. The SQL statement executed was: UPDATE `lancamento` SET `codigo`=:yp0, `descricao`=:yp1, `data_vencimento`=:yp2, `data_pagamento`=:yp3, `valor`=:yp4, `observacao`=:yp5, `tipo`=:yp6, `codigo_categoria`=:yp7, `codigo_pessoa`=:yp8 WHERE `lancamento`.`codigo`=3.
in C:\Apache24\htdocs\yii\leninemoney\protected\controllers\LancamentoController.php (99)
in C:\Apache24\htdocs\yii\leninemoney\index.php (13)
2025/02/20 23:05:43 [error] [exception.CDbException] CDbException: CDbCommand failed to execute the SQL statement: SQLSTATE[22007]: Invalid datetime format: 1292 Incorrect date value: '' for column 'data_pagamento' at row 1. The SQL statement executed was: UPDATE `lancamento` SET `codigo`=:yp0, `descricao`=:yp1, `data_vencimento`=:yp2, `data_pagamento`=:yp3, `valor`=:yp4, `observacao`=:yp5, `tipo`=:yp6, `codigo_categoria`=:yp7, `codigo_pessoa`=:yp8 WHERE `lancamento`.`codigo`=3 in C:\Apache24\htdocs\yii\framework\db\CDbCommand.php:358
Stack trace:
#0 C:\Apache24\htdocs\yii\framework\db\ar\CActiveRecord.php(1756): CDbCommand->execute()
#1 C:\Apache24\htdocs\yii\framework\db\ar\CActiveRecord.php(1130): CActiveRecord->updateByPk(3, Array)
#2 C:\Apache24\htdocs\yii\framework\db\ar\CActiveRecord.php(811): CActiveRecord->update(NULL)
#3 C:\Apache24\htdocs\yii\leninemoney\protected\controllers\LancamentoController.php(99): CActiveRecord->save()
#4 C:\Apache24\htdocs\yii\framework\web\actions\CInlineAction.php(49): LancamentoController->actionUpdate()
#5 C:\Apache24\htdocs\yii\framework\web\CController.php(308): CInlineAction->runWithParams(Array)
#6 C:\Apache24\htdocs\yii\framework\web\filters\CFilterChain.php(134): CController->runAction(Object(CInlineAction))
#7 C:\Apache24\htdocs\yii\framework\web\filters\CFilter.php(40): CFilterChain->run()
#8 C:\Apache24\htdocs\yii\framework\web\CController.php(1148): CFilter->filter(Object(CFilterChain))
#9 C:\Apache24\htdocs\yii\framework\web\filters\CInlineFilter.php(58): CController->filterAccessControl(Object(CFilterChain))
#10 C:\Apache24\htdocs\yii\framework\web\filters\CFilterChain.php(131): CInlineFilter->filter(Object(CFilterChain))
#11 C:\Apache24\htdocs\yii\framework\web\CController.php(291): CFilterChain->run()
#12 C:\Apache24\htdocs\yii\framework\web\CController.php(265): CController->runActionWithFilters(Object(CInlineAction), Array)
#13 C:\Apache24\htdocs\yii\framework\web\CWebApplication.php(282): CController->run('update')
#14 C:\Apache24\htdocs\yii\framework\web\CWebApplication.php(141): CWebApplication->runController('lancamento/upda...')
#15 C:\Apache24\htdocs\yii\framework\base\CApplication.php(185): CWebApplication->processRequest()
#16 C:\Apache24\htdocs\yii\leninemoney\index.php(13): CApplication->run()
#17 {main}
REQUEST_URI=/yii/leninemoney/lancamento/update/3
HTTP_REFERER=http://localhost/yii/leninemoney/lancamento/update/3
---
